0 info it worked if it ends with ok
1 verbose cli [ '/usr/local/Cellar/node/0.10.25/bin/node',
1 verbose cli   '/usr/local/bin/npm',
1 verbose cli   'publish' ]
2 info using npm@1.3.24
3 info using node@v0.10.25
4 verbose publish [ '.' ]
5 verbose cache add [ '.', null ]
6 verbose cache add name=undefined spec="." args=[".",null]
7 verbose parsed url { protocol: null,
7 verbose parsed url   slashes: null,
7 verbose parsed url   auth: null,
7 verbose parsed url   host: null,
7 verbose parsed url   port: null,
7 verbose parsed url   hostname: null,
7 verbose parsed url   hash: null,
7 verbose parsed url   search: null,
7 verbose parsed url   query: null,
7 verbose parsed url   pathname: '.',
7 verbose parsed url   path: '.',
7 verbose parsed url   href: '.' }
8 silly lockFile 3a52ce78- .
9 verbose lock . /Users/cvig/.npm/3a52ce78-.lock
10 verbose tar pack [ '/var/folders/wm/75y7hqb14z34hsl79w91t8mm0000gn/T/npm-3807-tc-2pTRZ/1392311735376-0.6954224077053368/tmp.tgz',
10 verbose tar pack   '.' ]
11 verbose tarball /var/folders/wm/75y7hqb14z34hsl79w91t8mm0000gn/T/npm-3807-tc-2pTRZ/1392311735376-0.6954224077053368/tmp.tgz
12 verbose folder .
13 info prepublish literate-jasmine@0.0.1
14 silly lockFile 1f1177db-tar tar://.
15 verbose lock tar://. /Users/cvig/.npm/1f1177db-tar.lock
16 silly lockFile 01c96643-35376-0-6954224077053368-tmp-tgz tar:///var/folders/wm/75y7hqb14z34hsl79w91t8mm0000gn/T/npm-3807-tc-2pTRZ/1392311735376-0.6954224077053368/tmp.tgz
17 verbose lock tar:///var/folders/wm/75y7hqb14z34hsl79w91t8mm0000gn/T/npm-3807-tc-2pTRZ/1392311735376-0.6954224077053368/tmp.tgz /Users/cvig/.npm/01c96643-35376-0-6954224077053368-tmp-tgz.lock
18 silly lockFile 1f1177db-tar tar://.
19 silly lockFile 1f1177db-tar tar://.
20 silly lockFile 01c96643-35376-0-6954224077053368-tmp-tgz tar:///var/folders/wm/75y7hqb14z34hsl79w91t8mm0000gn/T/npm-3807-tc-2pTRZ/1392311735376-0.6954224077053368/tmp.tgz
21 silly lockFile 01c96643-35376-0-6954224077053368-tmp-tgz tar:///var/folders/wm/75y7hqb14z34hsl79w91t8mm0000gn/T/npm-3807-tc-2pTRZ/1392311735376-0.6954224077053368/tmp.tgz
22 verbose tar unpack /var/folders/wm/75y7hqb14z34hsl79w91t8mm0000gn/T/npm-3807-tc-2pTRZ/1392311735376-0.6954224077053368/tmp.tgz
23 silly lockFile 74ed0c7d-35376-0-6954224077053368-package tar:///var/folders/wm/75y7hqb14z34hsl79w91t8mm0000gn/T/npm-3807-tc-2pTRZ/1392311735376-0.6954224077053368/package
24 verbose lock tar:///var/folders/wm/75y7hqb14z34hsl79w91t8mm0000gn/T/npm-3807-tc-2pTRZ/1392311735376-0.6954224077053368/package /Users/cvig/.npm/74ed0c7d-35376-0-6954224077053368-package.lock
25 silly lockFile 01c96643-35376-0-6954224077053368-tmp-tgz tar:///var/folders/wm/75y7hqb14z34hsl79w91t8mm0000gn/T/npm-3807-tc-2pTRZ/1392311735376-0.6954224077053368/tmp.tgz
26 verbose lock tar:///var/folders/wm/75y7hqb14z34hsl79w91t8mm0000gn/T/npm-3807-tc-2pTRZ/1392311735376-0.6954224077053368/tmp.tgz /Users/cvig/.npm/01c96643-35376-0-6954224077053368-tmp-tgz.lock
27 silly gunzTarPerm modes [ '755', '644' ]
28 silly gunzTarPerm extractEntry package.json
29 silly gunzTarPerm extractEntry .npmignore
30 silly gunzTarPerm extractEntry README.md
31 silly gunzTarPerm extractEntry LICENSE
32 silly gunzTarPerm extractEntry README_spec.js
33 silly gunzTarPerm extractEntry .travis.yml
34 silly gunzTarPerm extractEntry bin/literate-jasmine
35 silly gunzTarPerm extractEntry spec/parser_spec.js
36 silly gunzTarPerm extractEntry spec/writer_spec.js
37 silly gunzTarPerm extractEntry src/parser.js
38 silly gunzTarPerm extractEntry src/writer.js
39 silly lockFile 74ed0c7d-35376-0-6954224077053368-package tar:///var/folders/wm/75y7hqb14z34hsl79w91t8mm0000gn/T/npm-3807-tc-2pTRZ/1392311735376-0.6954224077053368/package
40 silly lockFile 74ed0c7d-35376-0-6954224077053368-package tar:///var/folders/wm/75y7hqb14z34hsl79w91t8mm0000gn/T/npm-3807-tc-2pTRZ/1392311735376-0.6954224077053368/package
41 silly lockFile 01c96643-35376-0-6954224077053368-tmp-tgz tar:///var/folders/wm/75y7hqb14z34hsl79w91t8mm0000gn/T/npm-3807-tc-2pTRZ/1392311735376-0.6954224077053368/tmp.tgz
42 silly lockFile 01c96643-35376-0-6954224077053368-tmp-tgz tar:///var/folders/wm/75y7hqb14z34hsl79w91t8mm0000gn/T/npm-3807-tc-2pTRZ/1392311735376-0.6954224077053368/tmp.tgz
43 verbose tar pack [ '/Users/cvig/.npm/literate-jasmine/0.0.1/package.tgz',
43 verbose tar pack   '/var/folders/wm/75y7hqb14z34hsl79w91t8mm0000gn/T/npm-3807-tc-2pTRZ/1392311735376-0.6954224077053368/package' ]
44 verbose tarball /Users/cvig/.npm/literate-jasmine/0.0.1/package.tgz
45 verbose folder /var/folders/wm/75y7hqb14z34hsl79w91t8mm0000gn/T/npm-3807-tc-2pTRZ/1392311735376-0.6954224077053368/package
46 silly lockFile 74ed0c7d-35376-0-6954224077053368-package tar:///var/folders/wm/75y7hqb14z34hsl79w91t8mm0000gn/T/npm-3807-tc-2pTRZ/1392311735376-0.6954224077053368/package
47 verbose lock tar:///var/folders/wm/75y7hqb14z34hsl79w91t8mm0000gn/T/npm-3807-tc-2pTRZ/1392311735376-0.6954224077053368/package /Users/cvig/.npm/74ed0c7d-35376-0-6954224077053368-package.lock
48 silly lockFile 7b74a47e-terate-jasmine-0-0-1-package-tgz tar:///Users/cvig/.npm/literate-jasmine/0.0.1/package.tgz
49 verbose lock tar:///Users/cvig/.npm/literate-jasmine/0.0.1/package.tgz /Users/cvig/.npm/7b74a47e-terate-jasmine-0-0-1-package-tgz.lock
50 silly lockFile 74ed0c7d-35376-0-6954224077053368-package tar:///var/folders/wm/75y7hqb14z34hsl79w91t8mm0000gn/T/npm-3807-tc-2pTRZ/1392311735376-0.6954224077053368/package
51 silly lockFile 74ed0c7d-35376-0-6954224077053368-package tar:///var/folders/wm/75y7hqb14z34hsl79w91t8mm0000gn/T/npm-3807-tc-2pTRZ/1392311735376-0.6954224077053368/package
52 silly lockFile 7b74a47e-terate-jasmine-0-0-1-package-tgz tar:///Users/cvig/.npm/literate-jasmine/0.0.1/package.tgz
53 silly lockFile 7b74a47e-terate-jasmine-0-0-1-package-tgz tar:///Users/cvig/.npm/literate-jasmine/0.0.1/package.tgz
54 silly lockFile e0b2b755-m-literate-jasmine-0-0-1-package /Users/cvig/.npm/literate-jasmine/0.0.1/package
55 verbose lock /Users/cvig/.npm/literate-jasmine/0.0.1/package /Users/cvig/.npm/e0b2b755-m-literate-jasmine-0-0-1-package.lock
56 silly lockFile e0b2b755-m-literate-jasmine-0-0-1-package /Users/cvig/.npm/literate-jasmine/0.0.1/package
57 silly lockFile e0b2b755-m-literate-jasmine-0-0-1-package /Users/cvig/.npm/literate-jasmine/0.0.1/package
58 verbose tar unpack /Users/cvig/.npm/literate-jasmine/0.0.1/package.tgz
59 silly lockFile ed052093-m-literate-jasmine-0-0-1-package tar:///Users/cvig/.npm/literate-jasmine/0.0.1/package
60 verbose lock tar:///Users/cvig/.npm/literate-jasmine/0.0.1/package /Users/cvig/.npm/ed052093-m-literate-jasmine-0-0-1-package.lock
61 silly lockFile 7b74a47e-terate-jasmine-0-0-1-package-tgz tar:///Users/cvig/.npm/literate-jasmine/0.0.1/package.tgz
62 verbose lock tar:///Users/cvig/.npm/literate-jasmine/0.0.1/package.tgz /Users/cvig/.npm/7b74a47e-terate-jasmine-0-0-1-package-tgz.lock
63 silly gunzTarPerm modes [ '755', '644' ]
64 silly gunzTarPerm extractEntry package.json
65 silly gunzTarPerm extractEntry .npmignore
66 silly gunzTarPerm extractEntry README.md
67 silly gunzTarPerm extractEntry LICENSE
68 silly gunzTarPerm extractEntry README_spec.js
69 silly gunzTarPerm extractEntry .travis.yml
70 silly gunzTarPerm extractEntry bin/literate-jasmine
71 silly gunzTarPerm extractEntry spec/parser_spec.js
72 silly gunzTarPerm extractEntry spec/writer_spec.js
73 silly gunzTarPerm extractEntry src/parser.js
74 silly gunzTarPerm extractEntry src/writer.js
75 silly lockFile ed052093-m-literate-jasmine-0-0-1-package tar:///Users/cvig/.npm/literate-jasmine/0.0.1/package
76 silly lockFile ed052093-m-literate-jasmine-0-0-1-package tar:///Users/cvig/.npm/literate-jasmine/0.0.1/package
77 silly lockFile 7b74a47e-terate-jasmine-0-0-1-package-tgz tar:///Users/cvig/.npm/literate-jasmine/0.0.1/package.tgz
78 silly lockFile 7b74a47e-terate-jasmine-0-0-1-package-tgz tar:///Users/cvig/.npm/literate-jasmine/0.0.1/package.tgz
79 verbose chmod /Users/cvig/.npm/literate-jasmine/0.0.1/package.tgz 644
80 verbose chown /Users/cvig/.npm/literate-jasmine/0.0.1/package.tgz [ 501, 20 ]
81 silly lockFile 3a52ce78- .
82 silly lockFile 3a52ce78- .
83 silly publish { name: 'literate-jasmine',
83 silly publish   description: 'write tests in markdown that are parsed to specification files to run with jasmine-node',
83 silly publish   version: '0.0.1',
83 silly publish   bin: { 'literate-jasmine': './bin/literate-jasmine' },
83 silly publish   dependencies: { 'jasmine-node': '1.13.1', lodash: '2.4.1', markdown: '0.5.0' },
83 silly publish   engines: { node: '>=0.8' },
83 silly publish   devDependencies: { 'jasmine-node': '1.13.1' },
83 silly publish   licenses:
83 silly publish    [ { type: 'MIT',
83 silly publish        url: 'https://github.com/cymen/node-ttt/blob/master/LICENSE' } ],
83 silly publish   repository:
83 silly publish    { type: 'git',
83 silly publish      url: 'https://github.com/cymen/literate-jasmine' },
83 silly publish   scripts: { test: 'jasmine-node --forceexit spec' },
83 silly publish   readme: '# literate-jasmine [![Build Status](https://travis-ci.org/cymen/literate-jasmine.png?branch=master)](https://travis-ci.org/cymen/literate-jasmine)\n\n[![NPM](https://nodei.co/npm/literate-jasmine.png?downloads=true&stars=true)](https://npmjs.org/package/literate-jasmine)\n\nThe idea is to write markdown that gets translated to Jasmine `describe` and\n`it` blocks. Because we want to be able to annotate in between parts of what\nwould become a single `it`, we make use of markdown hierarchy to separate one\ntest from another and to give the `it` (and `describe` blocks names).\n\nBelow I\'ve added this markdown structure (which includes the main header above):\n\nliterate-jasmine\n    Mathematices (level 2 header)\n       add can add numbers (level 3 header)\n          code blocks which can be interspersed with comments\n       add can add numbers\n    Strings\n      appending works with +\n\nThis will be parsed to:\n\n    describe(\'literate-jasmine\', function() {\n      describe(\'Mathematics\', function() {\n        it(\'add can add numbers\', function() {\n          // test code\n        });\n        it(\'can divide numbers\', function() {\n          // test code\n        });\n      });\n      describe(\'Strings\', function() {\n        it(\'appending works with +\', function() {\n          // test code\n        });\n      });\n    });\n\nTo actually do the parsing (assuming you ran `npm install -g literate-jasmine`):\n\n    literate-jasmine README.md\n\nWhich will create README_spec.js with the parsed contents. If you\'re working on\nthis project, simply run ./bin/literate-jasmine instead.\n\n## Mathematics\n### add can add numbers\n\n    var a = 1,\n        b = 2;\n\n    console.log(a, b, a + b);\n\n    expect(a + b).toBe(3);\n\n### can divide numbers\n\n    var a = 6,\n        b = 2;\n\nAnd a comment here doesn\'t break things:\n\n    expect(a/b).toBe(3);\n\n## Strings\n### appending works with +\n\n    var text = "abc";\n\n    expect(text + "d").toBe("abcd");\n',
83 silly publish   readmeFilename: 'README.md',
83 silly publish   bugs: { url: 'https://github.com/cymen/literate-jasmine/issues' },
83 silly publish   homepage: 'https://github.com/cymen/literate-jasmine',
83 silly publish   _id: 'literate-jasmine@0.0.1',
83 silly publish   dist: { shasum: '671ec364c0e57f9acbcbc0a3ea8b42c2ad763e6b' },
83 silly publish   _from: '.' }
84 verbose url raw literate-jasmine
85 verbose url resolving [ 'https://registry.npmjs.org/', './literate-jasmine' ]
86 verbose url resolved https://registry.npmjs.org/literate-jasmine
87 info trying registry request attempt 1 at 11:15:35
88 http PUT https://registry.npmjs.org/literate-jasmine
89 http 409 https://registry.npmjs.org/literate-jasmine
90 verbose url raw literate-jasmine
91 verbose url resolving [ 'https://registry.npmjs.org/', './literate-jasmine' ]
92 verbose url resolved https://registry.npmjs.org/literate-jasmine
93 info trying registry request attempt 1 at 11:15:35
94 http GET https://registry.npmjs.org/literate-jasmine
95 http 200 https://registry.npmjs.org/literate-jasmine
96 error publish fail Cannot publish over existing version.
96 error publish fail Update the 'version' field in package.json and try again.
96 error publish fail
96 error publish fail If the previous version was published in error, see:
96 error publish fail     npm help unpublish
96 error publish fail
96 error publish fail To automatically increment version numbers, see:
96 error publish fail     npm help version
97 error System Darwin 13.0.0
98 error command "/usr/local/Cellar/node/0.10.25/bin/node" "/usr/local/bin/npm" "publish"
99 error cwd /Users/cvig/dev/literate-jasmine
100 error node -v v0.10.25
101 error npm -v 1.3.24
102 error code EPUBLISHCONFLICT
103 verbose exit [ 1, true ]
